This is pdfTeX, Version 3.141592653-2.6-1.40.29 (TeX Live 2026) (preloaded format=pdflatex 2026.6.19)  29 JUN 2026 19:05
entering extended mode
 restricted \write18 enabled.
 %&-line parsing enabled.
**C:/Users/brendan.clarke/proj/LXR/manual/build/latex/main.tex
(c:/Users/brendan.clarke/proj/LXR/manual/build/latex/main.tex
LaTeX2e <2026-06-01>
L3 programming layer <2026-06-18>
(c:/texlive/2026/texmf-dist/tex/latex/base/article.cls
Document Class: article 2025/01/22 v1.4n Standard LaTeX document class
(c:/texlive/2026/texmf-dist/tex/latex/base/size11.clo
File: size11.clo 2025/01/22 v1.4n Standard LaTeX file (size option)
)
\c@part=\count276
\c@section=\count277
\c@subsection=\count278
\c@subsubsection=\count279
\c@paragraph=\count280
\c@subparagraph=\count281
\c@figure=\count282
\c@table=\count283
\abovecaptionskip=\skip49
\belowcaptionskip=\skip50
\bibindent=\dimen150
)
(C:\Users\brendan.clarke\proj\LXR\manual\build/../latex/preamble.tex
(c:/texlive/2026/texmf-dist/tex/latex/geometry/geometry.sty
Package: geometry 2026/03/07 v6.0 Page Geometry

(c:/texlive/2026/texmf-dist/tex/latex/graphics/keyval.sty
Package: keyval 2026-05-17 v1.15 key=value parser (DPC)
\KV@toks@=\toks17
)
(c:/texlive/2026/texmf-dist/tex/generic/iftex/ifvtex.sty
Package: ifvtex 2019/10/25 v1.7 ifvtex legacy package. Use iftex instead.

(c:/texlive/2026/texmf-dist/tex/generic/iftex/iftex.sty
Package: iftex 2024/12/12 v1.0g TeX engine tests
))
\Gm@cnth=\count284
\Gm@cntv=\count285
\c@Gm@tempcnt=\count286
\Gm@bindingoffset=\dimen151
\Gm@wd@mp=\dimen152
\Gm@odd@mp=\dimen153
\Gm@even@mp=\dimen154
\Gm@layoutwidth=\dimen155
\Gm@layoutheight=\dimen156
\Gm@layouthoffset=\dimen157
\Gm@layoutvoffset=\dimen158
\Gm@dimlist=\toks18
)
(c:/texlive/2026/texmf-dist/tex/latex/base/fontenc.sty
Package: fontenc 2025/07/18 v2.1d Standard LaTeX package
)
(c:/texlive/2026/texmf-dist/tex/latex/base/inputenc.sty
Package: inputenc 2024/02/08 v1.3d Input encoding file
\inpenc@prehook=\toks19
\inpenc@posthook=\toks20
)
(c:/texlive/2026/texmf-dist/tex/latex/lm/lmodern.sty
Package: lmodern 2015/05/01 v1.6.1 Latin Modern Fonts
LaTeX Font Info:    Overwriting symbol font `operators' in version `normal'
(Font)                  OT1/cmr/m/n --> OT1/lmr/m/n on input line 22.
LaTeX Font Info:    Overwriting symbol font `letters' in version `normal'
(Font)                  OML/cmm/m/it --> OML/lmm/m/it on input line 23.
LaTeX Font Info:    Overwriting symbol font `symbols' in version `normal'
(Font)                  OMS/cmsy/m/n --> OMS/lmsy/m/n on input line 24.
LaTeX Font Info:    Overwriting symbol font `largesymbols' in version `normal'
(Font)                  OMX/cmex/m/n --> OMX/lmex/m/n on input line 25.
LaTeX Font Info:    Overwriting symbol font `operators' in version `bold'
(Font)                  OT1/cmr/bx/n --> OT1/lmr/bx/n on input line 26.
LaTeX Font Info:    Overwriting symbol font `letters' in version `bold'
(Font)                  OML/cmm/b/it --> OML/lmm/b/it on input line 27.
LaTeX Font Info:    Overwriting symbol font `symbols' in version `bold'
(Font)                  OMS/cmsy/b/n --> OMS/lmsy/b/n on input line 28.
LaTeX Font Info:    Overwriting symbol font `largesymbols' in version `bold'
(Font)                  OMX/cmex/m/n --> OMX/lmex/m/n on input line 29.
LaTeX Font Info:    Overwriting math alphabet `\mathbf' in version `normal'
(Font)                  OT1/cmr/bx/n --> OT1/lmr/bx/n on input line 31.
LaTeX Font Info:    Overwriting math alphabet `\mathsf' in version `normal'
(Font)                  OT1/cmss/m/n --> OT1/lmss/m/n on input line 32.
LaTeX Font Info:    Overwriting math alphabet `\mathit' in version `normal'
(Font)                  OT1/cmr/m/it --> OT1/lmr/m/it on input line 33.
LaTeX Font Info:    Overwriting math alphabet `\mathtt' in version `normal'
(Font)                  OT1/cmtt/m/n --> OT1/lmtt/m/n on input line 34.
LaTeX Font Info:    Overwriting math alphabet `\mathbf' in version `bold'
(Font)                  OT1/cmr/bx/n --> OT1/lmr/bx/n on input line 35.
LaTeX Font Info:    Overwriting math alphabet `\mathsf' in version `bold'
(Font)                  OT1/cmss/bx/n --> OT1/lmss/bx/n on input line 36.
LaTeX Font Info:    Overwriting math alphabet `\mathit' in version `bold'
(Font)                  OT1/cmr/bx/it --> OT1/lmr/bx/it on input line 37.
LaTeX Font Info:    Overwriting math alphabet `\mathtt' in version `bold'
(Font)                  OT1/cmtt/m/n --> OT1/lmtt/m/n on input line 38.
)
(c:/texlive/2026/texmf-dist/tex/latex/microtype/microtype.sty
Package: microtype 2026/03/01 v3.2d Micro-typographical refinements (RS)

(c:/texlive/2026/texmf-dist/tex/latex/etoolbox/etoolbox.sty
Package: etoolbox 2025/10/02 v2.5m e-TeX tools for LaTeX (JAW)
\etb@tempcnta=\count287
)
\MT@toks=\toks21
\MT@tempbox=\box53
\MT@count=\count288
LaTeX Info: Redefining \noprotrusionifhmode on input line 1084.
LaTeX Info: Redefining \leftprotrusion on input line 1085.
\MT@prot@toks=\toks22
LaTeX Info: Redefining \rightprotrusion on input line 1104.
LaTeX Info: Redefining \textls on input line 1449.
\MT@outer@kern=\dimen159
LaTeX Info: Redefining \microtypecontext on input line 2053.
LaTeX Info: Redefining \textmicrotypecontext on input line 2070.
\MT@listname@count=\count289

(c:/texlive/2026/texmf-dist/tex/latex/microtype/microtype-pdftex.def
File: microtype-pdftex.def 2026/03/01 v3.2d Definitions specific to pdftex (RS)

LaTeX Info: Redefining \lsstyle on input line 944.
LaTeX Info: Redefining \lslig on input line 944.
\MT@outer@space=\skip51
)
Package microtype Info: Loading configuration file microtype.cfg.

(c:/texlive/2026/texmf-dist/tex/latex/microtype/microtype.cfg
File: microtype.cfg 2026/03/01 v3.2d microtype main configuration file (RS)
)
LaTeX Info: Redefining \microtypesetup on input line 3065.
)
(c:/texlive/2026/texmf-dist/tex/latex/parskip/parskip.sty
Package: parskip 2021-03-14 v2.0h non-zero parskip adjustments

(c:/texlive/2026/texmf-dist/tex/latex/kvoptions/kvoptions.sty
Package: kvoptions 2022-06-15 v3.15 Key value format for package options (HO)

(c:/texlive/2026/texmf-dist/tex/generic/ltxcmds/ltxcmds.sty
Package: ltxcmds 2023-12-04 v1.26 LaTeX kernel commands for general use (HO)
)
(c:/texlive/2026/texmf-dist/tex/latex/kvsetkeys/kvsetkeys.sty
Package: kvsetkeys 2022-10-05 v1.19 Key value parser (HO)
)))
(c:/texlive/2026/texmf-dist/tex/latex/graphics/graphicx.sty
Package: graphicx 2026-05-17 v1.2e Enhanced LaTeX Graphics (DPC,SPQR)

(c:/texlive/2026/texmf-dist/tex/latex/graphics/graphics.sty
Package: graphics 2026-05-17 v1.4h Standard LaTeX Graphics (DPC,SPQR)

(c:/texlive/2026/texmf-dist/tex/latex/graphics/trig.sty
Package: trig 2023/12/02 v1.11 sin cos tan (DPC)
)
(c:/texlive/2026/texmf-dist/tex/latex/graphics-cfg/graphics.cfg
File: graphics.cfg 2016/06/04 v1.11 sample graphics configuration
)
Package graphics Info: Driver file: pdftex.def on input line 106.

(c:/texlive/2026/texmf-dist/tex/latex/graphics-def/pdftex.def
File: pdftex.def 2025/09/29 v1.2d Graphics/color driver for pdftex
))
\Gin@req@height=\dimen160
\Gin@req@width=\dimen161
)
(c:/texlive/2026/texmf-dist/tex/latex/float/float.sty
Package: float 2001/11/08 v1.3d Float enhancements (AL)
\c@float@type=\count290
\float@exts=\toks23
\float@box=\box54
\@float@everytoks=\toks24
\@floatcapt=\box55
)
(c:/texlive/2026/texmf-dist/tex/latex/booktabs/booktabs.sty
Package: booktabs 2020/01/12 v1.61803398 Publication quality tables
\heavyrulewidth=\dimen162
\lightrulewidth=\dimen163
\cmidrulewidth=\dimen164
\belowrulesep=\dimen165
\belowbottomsep=\dimen166
\aboverulesep=\dimen167
\abovetopsep=\dimen168
\cmidrulesep=\dimen169
\cmidrulekern=\dimen170
\defaultaddspace=\dimen171
\@cmidla=\count291
\@cmidlb=\count292
\@aboverulesep=\dimen172
\@belowrulesep=\dimen173
\@thisruleclass=\count293
\@lastruleclass=\count294
\@thisrulewidth=\dimen174
)
(c:/texlive/2026/texmf-dist/tex/latex/tools/longtable.sty
Package: longtable 2026-01-28 v4.27 Multi-page Table package (DPC)
\LTleft=\skip52
\LTright=\skip53
\LTpre=\skip54
\LTpost=\skip55
\LTchunksize=\count295
\LTcapwidth=\dimen175
\LT@head=\box56
\LT@firsthead=\box57
\LT@foot=\box58
\LT@lastfoot=\box59
\LT@gbox=\box60
\LT@cols=\count296
\LT@rows=\count297
\c@LT@tables=\count298
\c@LT@chunks=\count299
\LT@p@ftn=\toks25
)
(c:/texlive/2026/texmf-dist/tex/latex/tools/calc.sty
Package: calc 2025/03/01 v4.3b Infix arithmetic (KKT,FJ)
\calc@Acount=\count300
\calc@Bcount=\count301
\calc@Adimen=\dimen176
\calc@Bdimen=\dimen177
\calc@Askip=\skip56
\calc@Bskip=\skip57
LaTeX Info: Redefining \setlength on input line 86.
LaTeX Info: Redefining \addtolength on input line 87.
\calc@Ccount=\count302
\calc@Cskip=\skip58
)
(c:/texlive/2026/texmf-dist/tex/latex/tools/array.sty
Package: array 2026/02/24 v2.7b Tabular extension package (FMi)
\col@sep=\dimen178
\ar@mcellbox=\box61
\extrarowheight=\dimen179
\NC@list=\toks26
\extratabsurround=\skip59
\backup@length=\skip60
\ar@cellbox=\box62
)
(c:/texlive/2026/texmf-dist/tex/latex/tools/tabularx.sty
Package: tabularx 2023/12/11 v2.12a `tabularx' package (DPC)
\TX@col@width=\dimen180
\TX@old@table=\dimen181
\TX@old@col=\dimen182
\TX@target=\dimen183
\TX@delta=\dimen184
\TX@cols=\count303
\TX@ftn=\toks27
)
(c:/texlive/2026/texmf-dist/tex/latex/multirow/multirow.sty
Package: multirow 2024/11/12 v2.9 Span multiple rows of a table
\multirow@colwidth=\skip61
\multirow@cntb=\count304
\multirow@dima=\skip62
\bigstrutjot=\dimen185
)
(c:/texlive/2026/texmf-dist/tex/latex/xcolor/xcolor.sty
Package: xcolor 2024/09/29 v3.02 LaTeX color extensions (UK)

(c:/texlive/2026/texmf-dist/tex/latex/graphics-cfg/color.cfg
File: color.cfg 2016/01/02 v1.6 sample color configuration
)
Package xcolor Info: Driver file: pdftex.def on input line 274.

(c:/texlive/2026/texmf-dist/tex/latex/graphics/mathcolor.ltx)
Package xcolor Info: Model `cmy' substituted by `cmy0' on input line 1349.
Package xcolor Info: Model `hsb' substituted by `rgb' on input line 1353.
Package xcolor Info: Model `RGB' extended on input line 1365.
Package xcolor Info: Model `HTML' substituted by `rgb' on input line 1367.
Package xcolor Info: Model `Hsb' substituted by `hsb' on input line 1368.
Package xcolor Info: Model `tHsb' substituted by `hsb' on input line 1369.
Package xcolor Info: Model `HSB' substituted by `hsb' on input line 1370.
Package xcolor Info: Model `Gray' substituted by `gray' on input line 1371.
Package xcolor Info: Model `wave' substituted by `hsb' on input line 1372.
)
(c:/texlive/2026/texmf-dist/tex/latex/mdframed/mdframed.sty
Package: mdframed 2013/07/01 1.9b: mdframed

(c:/texlive/2026/texmf-dist/tex/latex/l3packages/xparse/xparse.sty
(c:/texlive/2026/texmf-dist/tex/latex/l3kernel/expl3.sty
Package: expl3 2026-06-18 L3 programming layer (loader) 

(c:/texlive/2026/texmf-dist/tex/latex/l3backend/l3backend-pdftex.def
File: l3backend-pdftex.def 2026-02-18 L3 backend support: PDF output (pdfTeX)
\l__color_backend_stack_int=\count305
))
Package: xparse 2025-10-09 L3 Experimental document command parser
)
(c:/texlive/2026/texmf-dist/tex/latex/zref/zref-abspage.sty
Package: zref-abspage 2026-03-07 v2.37 Module abspage for zref (HO)

(c:/texlive/2026/texmf-dist/tex/latex/zref/zref-base.sty
Package: zref-base 2026-03-07 v2.37 Module base for zref (HO)

(c:/texlive/2026/texmf-dist/tex/generic/infwarerr/infwarerr.sty
Package: infwarerr 2019/12/03 v1.5 Providing info/warning/error messages (HO)
)
(c:/texlive/2026/texmf-dist/tex/generic/kvdefinekeys/kvdefinekeys.sty
Package: kvdefinekeys 2019-12-19 v1.6 Define keys (HO)
)
(c:/texlive/2026/texmf-dist/tex/generic/pdftexcmds/pdftexcmds.sty
Package: pdftexcmds 2020-06-27 v0.33 Utility functions of pdfTeX for LuaTeX (HO
)
Package pdftexcmds Info: \pdf@primitive is available.
Package pdftexcmds Info: \pdf@ifprimitive is available.
Package pdftexcmds Info: \pdfdraftmode found.
)
(c:/texlive/2026/texmf-dist/tex/generic/etexcmds/etexcmds.sty
Package: etexcmds 2019/12/15 v1.7 Avoid name clashes with e-TeX commands (HO)
)
(c:/texlive/2026/texmf-dist/tex/latex/auxhook/auxhook.sty
Package: auxhook 2019-12-17 v1.6 Hooks for auxiliary files (HO)
)
Package zref Info: New property list: main on input line 767.
Package zref Info: New property: default on input line 768.
Package zref Info: New property: page on input line 769.
)
\c@abspage=\count306
Package zref Info: New property: abspage on input line 67.
)
(c:/texlive/2026/texmf-dist/tex/latex/needspace/needspace.sty
Package: needspace 2025/03/13 v1.3e reserve vertical space
)
\mdf@templength=\skip63
\c@mdf@globalstyle@cnt=\count307
\mdf@skipabove@length=\skip64
\mdf@skipbelow@length=\skip65
\mdf@leftmargin@length=\skip66
\mdf@rightmargin@length=\skip67
\mdf@innerleftmargin@length=\skip68
\mdf@innerrightmargin@length=\skip69
\mdf@innertopmargin@length=\skip70
\mdf@innerbottommargin@length=\skip71
\mdf@splittopskip@length=\skip72
\mdf@splitbottomskip@length=\skip73
\mdf@outermargin@length=\skip74
\mdf@innermargin@length=\skip75
\mdf@linewidth@length=\skip76
\mdf@innerlinewidth@length=\skip77
\mdf@middlelinewidth@length=\skip78
\mdf@outerlinewidth@length=\skip79
\mdf@roundcorner@length=\skip80
\mdf@footenotedistance@length=\skip81
\mdf@userdefinedwidth@length=\skip82
\mdf@needspace@length=\skip83
\mdf@frametitleaboveskip@length=\skip84
\mdf@frametitlebelowskip@length=\skip85
\mdf@frametitlerulewidth@length=\skip86
\mdf@frametitleleftmargin@length=\skip87
\mdf@frametitlerightmargin@length=\skip88
\mdf@shadowsize@length=\skip89
\mdf@extratopheight@length=\skip90
\mdf@subtitleabovelinewidth@length=\skip91
\mdf@subtitlebelowlinewidth@length=\skip92
\mdf@subtitleaboveskip@length=\skip93
\mdf@subtitlebelowskip@length=\skip94
\mdf@subtitleinneraboveskip@length=\skip95
\mdf@subtitleinnerbelowskip@length=\skip96
\mdf@subsubtitleabovelinewidth@length=\skip97
\mdf@subsubtitlebelowlinewidth@length=\skip98
\mdf@subsubtitleaboveskip@length=\skip99
\mdf@subsubtitlebelowskip@length=\skip100
\mdf@subsubtitleinneraboveskip@length=\skip101
\mdf@subsubtitleinnerbelowskip@length=\skip102

(c:/texlive/2026/texmf-dist/tex/latex/mdframed/md-frame-0.mdf
File: md-frame-0.mdf 2013/07/01\ 1.9b: md-frame-0
)
\mdf@frametitlebox=\box63
\mdf@footnotebox=\box64
\mdf@splitbox@one=\box65
\mdf@splitbox@two=\box66
\mdf@splitbox@save=\box67
\mdfsplitboxwidth=\skip103
\mdfsplitboxtotalwidth=\skip104
\mdfsplitboxheight=\skip105
\mdfsplitboxdepth=\skip106
\mdfsplitboxtotalheight=\skip107
\mdfframetitleboxwidth=\skip108
\mdfframetitleboxtotalwidth=\skip109
\mdfframetitleboxheight=\skip110
\mdfframetitleboxdepth=\skip111
\mdfframetitleboxtotalheight=\skip112
\mdffootnoteboxwidth=\skip113
\mdffootnoteboxtotalwidth=\skip114
\mdffootnoteboxheight=\skip115
\mdffootnoteboxdepth=\skip116
\mdffootnoteboxtotalheight=\skip117
\mdftotallinewidth=\skip118
\mdfboundingboxwidth=\skip119
\mdfboundingboxtotalwidth=\skip120
\mdfboundingboxheight=\skip121
\mdfboundingboxdepth=\skip122
\mdfboundingboxtotalheight=\skip123
\mdf@freevspace@length=\skip124
\mdf@horizontalwidthofbox@length=\skip125
\mdf@verticalmarginwhole@length=\skip126
\mdf@horizontalspaceofbox=\skip127
\mdfsubtitleheight=\skip128
\mdfsubsubtitleheight=\skip129
\c@mdfcountframes=\count308

****** mdframed patching \endmdf@trivlist

****** -- success******

\mdf@envdepth=\count309
\c@mdf@env@i=\count310
\c@mdf@env@ii=\count311
\c@mdf@zref@counter=\count312
Package zref Info: New property: mdf@pagevalue on input line 895.
)
(c:/texlive/2026/texmf-dist/tex/latex/enumitem/enumitem.sty
Package: enumitem 2025/02/06 v3.11 Customized lists
\labelindent=\skip130
\enit@outerparindent=\dimen186
\enit@toks=\toks28
\enit@inbox=\box68
\enit@count@id=\count313
\enitdp@description=\count314
)
(c:/texlive/2026/texmf-dist/tex/latex/fancyhdr/fancyhdr.sty
Package: fancyhdr 2025/02/07 v5.2 Extensive control of page headers and footers

\f@nch@headwidth=\skip131
\f@nch@offset@elh=\skip132
\f@nch@offset@erh=\skip133
\f@nch@offset@olh=\skip134
\f@nch@offset@orh=\skip135
\f@nch@offset@elf=\skip136
\f@nch@offset@erf=\skip137
\f@nch@offset@olf=\skip138
\f@nch@offset@orf=\skip139
\f@nch@height=\skip140
\f@nch@footalignment=\skip141
\f@nch@widthL=\skip142
\f@nch@widthC=\skip143
\f@nch@widthR=\skip144
\@temptokenb=\toks29
)
(c:/texlive/2026/texmf-dist/tex/latex/titlesec/titlesec.sty
Package: titlesec 2025/01/04 v2.17 Sectioning titles
\ttl@box=\box69
\beforetitleunit=\skip145
\aftertitleunit=\skip146
\ttl@plus=\dimen187
\ttl@minus=\dimen188
\ttl@toksa=\toks30
\titlewidth=\dimen189
\titlewidthlast=\dimen190
\titlewidthfirst=\dimen191
)
(c:/texlive/2026/texmf-dist/tex/latex/tocloft/tocloft.sty
Package: tocloft 2017/08/31 v2.3i parameterised ToC, etc., typesetting
Package tocloft Info: The document has section divisions on input line 51.
\cftparskip=\skip147
\cftbeforetoctitleskip=\skip148
\cftaftertoctitleskip=\skip149
\cftbeforepartskip=\skip150
\cftpartnumwidth=\skip151
\cftpartindent=\skip152
\cftbeforesecskip=\skip153
\cftsecindent=\skip154
\cftsecnumwidth=\skip155
\cftbeforesubsecskip=\skip156
\cftsubsecindent=\skip157
\cftsubsecnumwidth=\skip158
\cftbeforesubsubsecskip=\skip159
\cftsubsubsecindent=\skip160
\cftsubsubsecnumwidth=\skip161
\cftbeforeparaskip=\skip162
\cftparaindent=\skip163
\cftparanumwidth=\skip164
\cftbeforesubparaskip=\skip165
\cftsubparaindent=\skip166
\cftsubparanumwidth=\skip167
\cftbeforeloftitleskip=\skip168
\cftafterloftitleskip=\skip169
\cftbeforefigskip=\skip170
\cftfigindent=\skip171
\cftfignumwidth=\skip172
\c@lofdepth=\count315
\c@lotdepth=\count316
\cftbeforelottitleskip=\skip173
\cftafterlottitleskip=\skip174
\cftbeforetabskip=\skip175
\cfttabindent=\skip176
\cfttabnumwidth=\skip177


Package tocloft Warning: \@starttoc has already been redefined; tocloft bailing
 out. on input line 1156.

) (c:/texlive/2026/texmf-dist/tex/latex/caption/caption.sty
Package: caption 2023/08/05 v3.6o Customizing captions (AR)

(c:/texlive/2026/texmf-dist/tex/latex/caption/caption3.sty
Package: caption3 2023/07/31 v2.4d caption3 kernel (AR)
\caption@tempdima=\dimen192
\captionmargin=\dimen193
\caption@leftmargin=\dimen194
\caption@rightmargin=\dimen195
\caption@width=\dimen196
\caption@indent=\dimen197
\caption@parindent=\dimen198
\caption@hangindent=\dimen199
Package caption Info: Standard document class detected.
)
\c@caption@flags=\count317
\c@continuedfloat=\count318
Package caption Info: float package is loaded.
Package caption Info: longtable package is loaded.

(c:/texlive/2026/texmf-dist/tex/latex/caption/ltcaption.sty
Package: ltcaption 2021/01/08 v1.4c longtable captions (AR)
))
(c:/texlive/2026/texmf-dist/tex/latex/bera/beramono.sty
Package: beramono 2004/01/31 (WaS)
)
(c:/texlive/2026/texmf-dist/tex/latex/hyperref/hyperref.sty
Package: hyperref 2026-06-17 v7.01r Hypertext links for LaTeX

(c:/texlive/2026/texmf-dist/tex/generic/pdfescape/pdfescape.sty
Package: pdfescape 2019/12/09 v1.15 Implements pdfTeX's escape features (HO)
)
(c:/texlive/2026/texmf-dist/tex/latex/hycolor/hycolor.sty
Package: hycolor 2020-01-27 v1.10 Color options for hyperref/bookmark (HO)
)
(c:/texlive/2026/texmf-dist/tex/latex/hyperref/nameref.sty
Package: nameref 2026-01-29 v2.58 Cross-referencing by name of section

(c:/texlive/2026/texmf-dist/tex/latex/refcount/refcount.sty
Package: refcount 2019/12/15 v3.6 Data extraction from label references (HO)
)
(c:/texlive/2026/texmf-dist/tex/generic/gettitlestring/gettitlestring.sty
Package: gettitlestring 2019/12/15 v1.6 Cleanup title references (HO)
)
\c@section@level=\count319
)
(c:/texlive/2026/texmf-dist/tex/generic/stringenc/stringenc.sty
Package: stringenc 2019/11/29 v1.12 Convert strings between diff. encodings (HO
)
)
\@linkdim=\dimen256
\Hy@linkcounter=\count320
\Hy@pagecounter=\count321

(c:/texlive/2026/texmf-dist/tex/latex/hyperref/pd1enc.def
File: pd1enc.def 2026-06-17 v7.01r Hyperref: PDFDocEncoding definition (HO)
Now handling font encoding PD1 ...
... no UTF-8 mapping file for font encoding PD1
)
(c:/texlive/2026/texmf-dist/tex/generic/intcalc/intcalc.sty
Package: intcalc 2019/12/15 v1.3 Expandable calculations with integers (HO)
)
\Hy@SavedSpaceFactor=\count322

(c:/texlive/2026/texmf-dist/tex/latex/hyperref/puenc.def
File: puenc.def 2026-06-17 v7.01r Hyperref: PDF Unicode definition (HO)
Now handling font encoding PU ...
... no UTF-8 mapping file for font encoding PU
)
Package hyperref Info: Option `colorlinks' set `true' on input line 4070.
Package hyperref Info: Hyper figures OFF on input line 4199.
Package hyperref Info: Link nesting OFF on input line 4204.
Package hyperref Info: Hyper index ON on input line 4207.
Package hyperref Info: Plain pages OFF on input line 4214.
Package hyperref Info: Backreferencing OFF on input line 4219.
Package hyperref Info: Implicit mode ON; LaTeX internals redefined.
Package hyperref Info: Bookmarks ON on input line 4466.
\c@Hy@tempcnt=\count323

(c:/texlive/2026/texmf-dist/tex/latex/url/url.sty
\Urlmuskip=\muskip17
Package: url 2013/09/16  ver 3.4  Verb mode for urls, etc.
)
LaTeX Info: Redefining \url on input line 4805.
\XeTeXLinkMargin=\dimen257

(c:/texlive/2026/texmf-dist/tex/generic/bitset/bitset.sty
Package: bitset 2019/12/09 v1.3 Handle bit-vector datatype (HO)

(c:/texlive/2026/texmf-dist/tex/generic/bigintcalc/bigintcalc.sty
Package: bigintcalc 2019/12/15 v1.5 Expandable calculations on big integers (HO
)
))
\Fld@menulength=\count324
\Field@Width=\dimen258
\Fld@charsize=\dimen259
Package hyperref Info: Hyper figures OFF on input line 6091.
Package hyperref Info: Link nesting OFF on input line 6096.
Package hyperref Info: Hyper index ON on input line 6099.
Package hyperref Info: backreferencing OFF on input line 6106.
Package hyperref Info: Link coloring ON on input line 6109.
Package hyperref Info: Link coloring with OCG OFF on input line 6116.
Package hyperref Info: PDF/A mode OFF on input line 6121.
\Hy@abspage=\count325
\c@Item=\count326
\c@Hfootnote=\count327
)
Package hyperref Info: Driver (autodetected): hpdftex.

(c:/texlive/2026/texmf-dist/tex/latex/hyperref/hpdftex.def
File: hpdftex.def 2026-06-17 v7.01r Hyperref driver for pdfTeX
\HyAnn@Count=\count328
\Fld@listcount=\count329
\c@bookmark@seq@number=\count330

(c:/texlive/2026/texmf-dist/tex/latex/rerunfilecheck/rerunfilecheck.sty
Package: rerunfilecheck 2025-06-21 v1.11 Rerun checks for auxiliary files (HO)

(c:/texlive/2026/texmf-dist/tex/generic/uniquecounter/uniquecounter.sty
Package: uniquecounter 2019/12/15 v1.4 Provide unlimited unique counter (HO)
)
Package uniquecounter Info: New unique counter `rerunfilecheck' on input line 2
84.
)
\Hy@SectionHShift=\skip178
)
(c:/texlive/2026/texmf-dist/tex/latex/xurl/xurl.sty
Package: xurl 2022/01/09 v 0.10 modify URL breaks
)
\c@none=\count331
)
LaTeX Font Info:    Trying to load font information for T1+lmr on input line 24
.

(c:/texlive/2026/texmf-dist/tex/latex/lm/t1lmr.fd
File: t1lmr.fd 2015/05/01 v1.6.1 Font defs for Latin Modern
)
(C:\Users\brendan.clarke\proj\LXR\manual\build/main.aux

LaTeX Warning: Label `menu-navigation' multiply defined.


LaTeX Warning: Label `midi' multiply defined.


LaTeX Warning: Label `oscillator' multiply defined.


LaTeX Warning: Label `filter' multiply defined.


LaTeX Warning: Label `lfo' multiply defined.


LaTeX Warning: Label `overview' multiply defined.


LaTeX Warning: Label `sequencer' multiply defined.

)
\openout1 = `main.aux'.

LaTeX Font Info:    Checking defaults for OML/cmm/m/it on input line 24.
LaTeX Font Info:    ... okay on input line 24.
LaTeX Font Info:    Checking defaults for OMS/cmsy/m/n on input line 24.
LaTeX Font Info:    ... okay on input line 24.
LaTeX Font Info:    Checking defaults for OT1/cmr/m/n on input line 24.
LaTeX Font Info:    ... okay on input line 24.
LaTeX Font Info:    Checking defaults for T1/cmr/m/n on input line 24.
LaTeX Font Info:    ... okay on input line 24.
LaTeX Font Info:    Checking defaults for TS1/cmr/m/n on input line 24.
LaTeX Font Info:    ... okay on input line 24.
LaTeX Font Info:    Checking defaults for OMX/cmex/m/n on input line 24.
LaTeX Font Info:    ... okay on input line 24.
LaTeX Font Info:    Checking defaults for U/cmr/m/n on input line 24.
LaTeX Font Info:    ... okay on input line 24.
LaTeX Font Info:    Checking defaults for PD1/pdf/m/n on input line 24.
LaTeX Font Info:    ... okay on input line 24.
LaTeX Font Info:    Checking defaults for PU/pdf/m/n on input line 24.
LaTeX Font Info:    ... okay on input line 24.

*geometry* driver: auto-detecting
*geometry* detected driver: pdftex
*geometry* verbose mode - [ preamble ] result:
* driver: pdftex
* paper: a4paper
* layout: <same size as paper>
* layoutoffset:(h,v)=(0.0pt,0.0pt)
* modes: 
* h-part:(L,W,R)=(62.59605pt, 472.31577pt, 62.59605pt)
* v-part:(T,H,B)=(71.13188pt, 702.78308pt, 71.13188pt)
* \paperwidth=597.50787pt
* \paperheight=845.04684pt
* \textwidth=472.31577pt
* \textheight=702.78308pt
* \oddsidemargin=-9.67393pt
* \evensidemargin=-9.67393pt
* \topmargin=-40.1381pt
* \headheight=14.0pt
* \headsep=25.0pt
* \topskip=11.0pt
* \footskip=30.0pt
* \marginparwidth=50.0pt
* \marginparsep=10.0pt
* \columnsep=10.0pt
* \skip\footins=10.0pt plus 4.0pt minus 2.0pt
* \hoffset=0.0pt
* \voffset=0.0pt
* \mag=1000
* \@twocolumnfalse
* \@twosidefalse
* \@mparswitchfalse
* \@reversemarginfalse
* (1in=72.27pt=25.4mm, 1cm=28.453pt)

LaTeX Info: Redefining \microtypecontext on input line 24.
Package microtype Info: Applying patch `item' on input line 24.
Package microtype Info: Applying patch `toc' on input line 24.
Package microtype Info: Applying patch `eqnum' on input line 24.
Package microtype Info: Applying patch `footnote' on input line 24.
Package microtype Info: Applying patch `verbatim' on input line 24.
LaTeX Info: Redefining \microtypesetup on input line 24.
Package microtype Info: Generating PDF output.
Package microtype Info: Character protrusion enabled (level 2).
Package microtype Info: Using default protrusion set `alltext'.
Package microtype Info: Automatic font expansion enabled (level 2),
(microtype)             stretch: 20, shrink: 20, step: 1, non-selected.
Package microtype Info: Using default expansion set `alltext-nott'.
Package microtype Info: Patching command `\showhyphens'.
Package microtype Info: No adjustment of tracking.
Package microtype Info: No adjustment of interword spacing.
Package microtype Info: No adjustment of character kerning.
(c:/texlive/2026/texmf-dist/tex/latex/microtype/mt-cmr.cfg
File: mt-cmr.cfg 2013/05/19 v2.2 microtype config. file: Computer Modern Roman 
(RS)
)
(c:/texlive/2026/texmf-dist/tex/context/base/mkii/supp-pdf.mkii
[Loading MPS to PDF converter (version 2006.09.02).]
\scratchcounter=\count332
\scratchdimen=\dimen260
\scratchbox=\box70
\nofMPsegments=\count333
\nofMParguments=\count334
\everyMPshowfont=\toks31
\MPscratchCnt=\count335
\MPscratchDim=\dimen261
\MPnumerator=\count336
\makeMPintoPDFobject=\count337
\everyMPtoPDFconversion=\toks32
) (c:/texlive/2026/texmf-dist/tex/latex/epstopdf-pkg/epstopdf-base.sty
Package: epstopdf-base 2020-01-24 v2.11 Base part for package epstopdf
Package epstopdf-base Info: Redefining graphics rule for `.eps' on input line 4
85.

(c:/texlive/2026/texmf-dist/tex/latex/latexconfig/epstopdf-sys.cfg
File: epstopdf-sys.cfg 2010/07/13 v1.3 Configuration of (r)epstopdf for TeX Liv
e
))
Package caption Info: Begin \AtBeginDocument code.
Package caption Info: hyperref package is loaded.
Package caption Info: End \AtBeginDocument code.
Package hyperref Info: Link coloring ON on input line 24.

(C:\Users\brendan.clarke\proj\LXR\manual\build/main.out)
(C:\Users\brendan.clarke\proj\LXR\manual\build/main.out)
\@outlinefile=\write3
\openout3 = `main.out'.


(C:\Users\brendan.clarke\proj\LXR\manual\build/../latex/title_page.tex [1

{c:/texlive/2026/texmf-var/fonts/map/pdftex/updmap/pdftex.map}{c:/texlive/2026/
texmf-dist/fonts/enc/dvips/lm/lm-ec.enc}])
(C:\Users\brendan.clarke\proj\LXR\manual\build/main.toc
LaTeX Font Info:    Trying to load font information for OT1+lmr on input line 1
.

(c:/texlive/2026/texmf-dist/tex/latex/lm/ot1lmr.fd
File: ot1lmr.fd 2015/05/01 v1.6.1 Font defs for Latin Modern
)
LaTeX Font Info:    Trying to load font information for OML+lmm on input line 1
.

(c:/texlive/2026/texmf-dist/tex/latex/lm/omllmm.fd
File: omllmm.fd 2015/05/01 v1.6.1 Font defs for Latin Modern
)
LaTeX Font Info:    Trying to load font information for OMS+lmsy on input line 
1.

(c:/texlive/2026/texmf-dist/tex/latex/lm/omslmsy.fd
File: omslmsy.fd 2015/05/01 v1.6.1 Font defs for Latin Modern
)
LaTeX Font Info:    Trying to load font information for OMX+lmex on input line 
1.

(c:/texlive/2026/texmf-dist/tex/latex/lm/omxlmex.fd
File: omxlmex.fd 2015/05/01 v1.6.1 Font defs for Latin Modern
)
LaTeX Font Info:    External font `lmex10' loaded for size
(Font)              <10.95> on input line 1.
LaTeX Font Info:    External font `lmex10' loaded for size
(Font)              <8> on input line 1.
LaTeX Font Info:    External font `lmex10' loaded for size
(Font)              <6> on input line 1.

pdfTeX warning (ext4): destination with the same identifier (name{page.1}) has 
been already used, duplicate ignored
<to be read again> 
                   \relax 
l.51 ...eter Automations}{16}{subsubsection.4.7.2}
                                                  % [1] [2]
LaTeX Font Info:    Trying to load font information for T1+fvm on input line 10
9.

(c:/texlive/2026/texmf-dist/tex/latex/bera/t1fvm.fd
File: t1fvm.fd 2004/09/07 scalable font definitions for T1/fvm.
)
LaTeX Font Info:    Font shape `T1/fvm/m/n' will be
(Font)              scaled to size 9.30756pt on input line 109.
Package microtype Info: Loading generic protrusion settings for font family
(microtype)             `fvm' (encoding: T1).
(microtype)             For optimal results, create family-specific settings.
(microtype)             See the microtype manual for details.
 [3{c:/texlive/2026/texmf-dist/fonts/enc/dvips/base/8r.enc}])
\tf@toc=\write4
\openout4 = `main.toc'.

 [4]
(C:\Users\brendan.clarke\proj\LXR\manual\build/chapters/01_overview.tex
<../images/front_panel.png, id=869, 712.16063pt x 378.66469pt>
File: ../images/front_panel.png Graphic file (type png)
<use ../images/front_panel.png>
Package pdftex.def Info: ../images/front_panel.png  used on input line 11.
(pdftex.def)             Requested size: 472.31577pt x 251.13283pt.

[5 <C:\Users\brendan.clarke\proj\LXR\manual\build/../images/front_panel.png (PN
G copy)>]
LaTeX Font Info:    Trying to load font information for TS1+lmr on input line 5
5.
 (c:/texlive/2026/texmf-dist/tex/latex/lm/ts1lmr.fd
File: ts1lmr.fd 2015/05/01 v1.6.1 Font defs for Latin Modern
)
<../images/back_panel.jpeg, id=875, 798.985pt x 124.465pt>
File: ../images/back_panel.jpeg Graphic file (type jpg)
<use ../images/back_panel.jpeg>
Package pdftex.def Info: ../images/back_panel.jpeg  used on input line 117.
(pdftex.def)             Requested size: 401.47128pt x 62.54001pt.
 [6{c:/texlive/2026/texmf-dist/fonts/enc/dvips/lm/lm-ts1.enc} <C:\Users\brendan
.clarke\proj\LXR\manual\build/../images/back_panel.jpeg>]
LaTeX Font Info:    Font shape `T1/fvm/m/n' will be
(Font)              scaled to size 8.50006pt on input line 152.
LaTeX Font Info:    Font shape `T1/fvm/b/n' will be
(Font)              scaled to size 8.50006pt on input line 169.
) [7]
(C:\Users\brendan.clarke\proj\LXR\manual\build/chapters/02_quickstart.tex)
[8] (C:\Users\brendan.clarke\proj\LXR\manual\build/chapters/03_voices.tex
<../images/voice_drum_signal_flow.jpeg, id=903, 649.42625pt x 259.97125pt>
File: ../images/voice_drum_signal_flow.jpeg Graphic file (type jpg)
<use ../images/voice_drum_signal_flow.jpeg>
Package pdftex.def Info: ../images/voice_drum_signal_flow.jpeg  used on input l
ine 15.
(pdftex.def)             Requested size: 472.31577pt x 189.0753pt.
<../images/voice_snare_signal_flow.jpeg, id=904, 597.23125pt x 185.69376pt>
File: ../images/voice_snare_signal_flow.jpeg Graphic file (type jpg)
<use ../images/voice_snare_signal_flow.jpeg>
Package pdftex.def Info: ../images/voice_snare_signal_flow.jpeg  used on input 
line 27.
(pdftex.def)             Requested size: 472.31577pt x 146.85512pt.
<../images/voice_cymbal_signal_flow.jpeg, id=905, 596.2275pt x 175.65625pt>
File: ../images/voice_cymbal_signal_flow.jpeg Graphic file (type jpg)
<use ../images/voice_cymbal_signal_flow.jpeg>
Package pdftex.def Info: ../images/voice_cymbal_signal_flow.jpeg  used on input
 line 39.
(pdftex.def)             Requested size: 472.31577pt x 139.15018pt.

[9 <C:\Users\brendan.clarke\proj\LXR\manual\build/../images/voice_drum_signal_f
low.jpeg> <C:\Users\brendan.clarke\proj\LXR\manual\build/../images/voice_snare_
signal_flow.jpeg>]
<../images/voice_hihat_signal_flow.jpeg, id=912, 603.25375pt x 161.60374pt>
File: ../images/voice_hihat_signal_flow.jpeg Graphic file (type jpg)
<use ../images/voice_hihat_signal_flow.jpeg>
Package pdftex.def Info: ../images/voice_hihat_signal_flow.jpeg  used on input 
line 53.
(pdftex.def)             Requested size: 472.31577pt x 126.52632pt.
LaTeX Font Info:    External font `lmex10' loaded for size
(Font)              <10> on input line 71.
LaTeX Font Info:    External font `lmex10' loaded for size
(Font)              <7> on input line 71.
LaTeX Font Info:    External font `lmex10' loaded for size
(Font)              <5> on input line 71.
 [10{c:/texlive/2026/texmf-dist/fonts/enc/dvips/lm/lm-mathsy.enc} <C:\Users\bre
ndan.clarke\proj\LXR\manual\build/../images/voice_cymbal_signal_flow.jpeg> <C:\
Users\brendan.clarke\proj\LXR\manual\build/../images/voice_hihat_signal_flow.jp
eg>] [11] [12]) [13{c:/texlive/2026/texmf-dist/fonts/enc/dvips/lm/lm-rm.enc}]
(C:\Users\brendan.clarke\proj\LXR\manual\build/chapters/04_sequencer.tex
<../images/substep_diagram.png, id=934, 599.23875pt x 333.49594pt>
File: ../images/substep_diagram.png Graphic file (type png)
<use ../images/substep_diagram.png>
Package pdftex.def Info: ../images/substep_diagram.png  used on input line 58.
(pdftex.def)             Requested size: 472.31577pt x 262.86351pt.

[14] [15 <C:\Users\brendan.clarke\proj\LXR\manual\build/../images/substep_diagr
am.png (PNG copy)>]
LaTeX Font Info:    Font shape `T1/fvm/b/n' will be
(Font)              scaled to size 9.30756pt on input line 154.
 [16] [17]) [18]
(C:\Users\brendan.clarke\proj\LXR\manual\build/chapters/05_operation_modes.tex
[19]
<../images/performance_mode_panel.jpeg, id=996, 1023.825pt x 640.3925pt>
File: ../images/performance_mode_panel.jpeg Graphic file (type jpg)
<use ../images/performance_mode_panel.jpeg>
Package pdftex.def Info: ../images/performance_mode_panel.jpeg  used on input l
ine 115.
(pdftex.def)             Requested size: 472.31577pt x 295.42447pt.
 [20 <C:\Users\brendan.clarke\proj\LXR\manual\build/../images/performance_mode_
panel.jpeg>] [21]
<../images/pattern_chain_example1.png, id=1008, 411.78844pt x 255.20343pt>
File: ../images/pattern_chain_example1.png Graphic file (type png)
<use ../images/pattern_chain_example1.png>
Package pdftex.def Info: ../images/pattern_chain_example1.png  used on input li
ne 248.
(pdftex.def)             Requested size: 472.31577pt x 292.71841pt.
<../images/pattern_chain_example2.png, id=1010, 1181.91562pt x 264.99pt>
File: ../images/pattern_chain_example2.png Graphic file (type png)
<use ../images/pattern_chain_example2.png>
Package pdftex.def Info: ../images/pattern_chain_example2.png  used on input li
ne 254.
(pdftex.def)             Requested size: 472.31577pt x 105.89304pt.
 [22 <C:\Users\brendan.clarke\proj\LXR\manual\build/../images/pattern_chain_exa
mple1.png> <C:\Users\brendan.clarke\proj\LXR\manual\build/../images/pattern_cha
in_example2.png (PNG copy)>] [23] [24] [25] [26]) [27]
[28]
(C:\Users\brendan.clarke\proj\LXR\manual\build/chapters/06_synth_modules.tex
<../images/filter_lowpass.png, id=1063, 602.25pt x 451.6875pt>
File: ../images/filter_lowpass.png Graphic file (type png)
<use ../images/filter_lowpass.png>
Package pdftex.def Info: ../images/filter_lowpass.png  used on input line 81.
(pdftex.def)             Requested size: 401.47128pt x 301.11276pt.

[29]
<../images/filter_highpass.png, id=1068, 602.25pt x 451.6875pt>
File: ../images/filter_highpass.png Graphic file (type png)
<use ../images/filter_highpass.png>
Package pdftex.def Info: ../images/filter_highpass.png  used on input line 90.
(pdftex.def)             Requested size: 401.47128pt x 301.11276pt.
 [30 <C:\Users\brendan.clarke\proj\LXR\manual\build/../images/filter_lowpass.pn
g (PNG copy)>]
<../images/filter_bandpass.png, id=1075, 602.25pt x 451.6875pt>
File: ../images/filter_bandpass.png Graphic file (type png)
<use ../images/filter_bandpass.png>
Package pdftex.def Info: ../images/filter_bandpass.png  used on input line 99.
(pdftex.def)             Requested size: 401.47128pt x 301.11276pt.
 [31 <C:\Users\brendan.clarke\proj\LXR\manual\build/../images/filter_highpass.p
ng (PNG copy)> <C:\Users\brendan.clarke\proj\LXR\manual\build/../images/filter_
bandpass.png (PNG copy)>]
<../images/filter_unitgain_bandpass.png, id=1082, 602.25pt x 451.6875pt>
File: ../images/filter_unitgain_bandpass.png Graphic file (type png)
<use ../images/filter_unitgain_bandpass.png>
Package pdftex.def Info: ../images/filter_unitgain_bandpass.png  used on input 
line 109.
(pdftex.def)             Requested size: 401.47128pt x 301.11276pt.
<../images/filter_notch.png, id=1083, 602.25pt x 451.6875pt>
File: ../images/filter_notch.png Graphic file (type png)
<use ../images/filter_notch.png>
Package pdftex.def Info: ../images/filter_notch.png  used on input line 118.
(pdftex.def)             Requested size: 401.47128pt x 301.11276pt.
 [32 <C:\Users\brendan.clarke\proj\LXR\manual\build/../images/filter_unitgain_b
andpass.png (PNG copy)>]
<../images/filter_peak.png, id=1089, 602.25pt x 451.6875pt>
File: ../images/filter_peak.png Graphic file (type png)
<use ../images/filter_peak.png>
Package pdftex.def Info: ../images/filter_peak.png  used on input line 128.
(pdftex.def)             Requested size: 401.47128pt x 301.11276pt.
 [33 <C:\Users\brendan.clarke\proj\LXR\manual\build/../images/filter_notch.png 
(PNG copy)>]
<../images/envelope_linear.png, id=1095, 408.77719pt x 381.67593pt>
File: ../images/envelope_linear.png Graphic file (type png)
<use ../images/envelope_linear.png>
Package pdftex.def Info: ../images/envelope_linear.png  used on input line 141.

(pdftex.def)             Requested size: 330.61958pt x 308.71902pt.
[34 <C:\Users\brendan.clarke\proj\LXR\manual\build/../images/filter_peak.png (P
NG copy)>]
<../images/envelope_exponential.jpeg, id=1101, 545.03625pt x 508.90125pt>
File: ../images/envelope_exponential.jpeg Graphic file (type jpg)
<use ../images/envelope_exponential.jpeg>
Package pdftex.def Info: ../images/envelope_exponential.jpeg  used on input lin
e 159.
(pdftex.def)             Requested size: 330.61958pt x 308.69766pt.
 [35 <C:\Users\brendan.clarke\proj\LXR\manual\build/../images/envelope_linear.p
ng (PNG copy)>]
<../images/envelope_logarithmic.jpeg, id=1107, 545.03625pt x 508.90125pt>
File: ../images/envelope_logarithmic.jpeg Graphic file (type jpg)
<use ../images/envelope_logarithmic.jpeg>
Package pdftex.def Info: ../images/envelope_logarithmic.jpeg  used on input lin
e 165.
(pdftex.def)             Requested size: 330.61958pt x 308.69766pt.
 [36 <C:\Users\brendan.clarke\proj\LXR\manual\build/../images/envelope_exponent
ial.jpeg> <C:\Users\brendan.clarke\proj\LXR\manual\build/../images/envelope_log
arithmic.jpeg>]
<../images/envelope_repeat.png, id=1116, 810.02625pt x 459.21562pt>
File: ../images/envelope_repeat.png Graphic file (type png)
<use ../images/envelope_repeat.png>
Package pdftex.def Info: ../images/envelope_repeat.png  used on input line 179.

(pdftex.def)             Requested size: 401.47128pt x 227.60323pt.
 [37 <C:\Users\brendan.clarke\proj\LXR\manual\build/../images/envelope_repeat.p
ng (PNG copy)>]
<../images/distortion_curve.jpeg, id=1122, 642.4pt x 388.45125pt>
File: ../images/distortion_curve.jpeg Graphic file (type jpg)
<use ../images/distortion_curve.jpeg>
Package pdftex.def Info: ../images/distortion_curve.jpeg  used on input line 24
2.
(pdftex.def)             Requested size: 330.61958pt x 199.92719pt.
 [38 <C:\Users\brendan.clarke\proj\LXR\manual\build/../images/distortion_curve.
jpeg>]) [39]
(C:\Users\brendan.clarke\proj\LXR\manual\build/chapters/07_midi.tex [40]
Overfull \hbox (0.96248pt too wide) in paragraph at lines 100--101
[]\T1/lmr/m/n/10.95 (-20) Function  
 []


Overfull \hbox (16.96367pt too wide) in paragraph at lines 121--121
[]|\T1/lmr/m/n/10.95 (-20) Morph/mod 
 []


Overfull \hbox (13.20183pt too wide) in paragraph at lines 125--125
[]|\T1/lmr/m/n/10.95 (-20) Decimation|  
 []


Overfull \hbox (7.33pt too wide) in paragraph at lines 126--126
[]|\T1/lmr/m/n/10.95 (-20) Distortion|  
 []


Overfull \hbox (4.11664pt too wide) in paragraph at lines 134--134
[]|\T1/lmr/m/n/10.95 (-20) Mix/mod 
 []


Overfull \hbox (3.58159pt too wide) in paragraph at lines 140--140
[]|\T1/lmr/m/n/10.95 (-20) Transient 
 []


Overfull \hbox (3.58159pt too wide) in paragraph at lines 141--141
[]|\T1/lmr/m/n/10.95 (-20) Transient 
 []


Overfull \hbox (3.58159pt too wide) in paragraph at lines 142--142
[]|\T1/lmr/m/n/10.95 (-20) Transient 
 []


Overfull \hbox (2.16692pt too wide) in paragraph at lines 159--159
[]|\T1/lmr/m/n/10.95 (-20) Envelope 
 []


Overfull \hbox (2.16692pt too wide) in paragraph at lines 162--162
[]|\T1/lmr/m/n/10.95 (-20) Envelope 
 []


Overfull \hbox (2.4772pt too wide) in paragraph at lines 165--165
[]|\T1/lmr/m/n/10.95 (-20) FM/mod 
 []

[41] [42] [43])
(C:\Users\brendan.clarke\proj\LXR\manual\build/../latex/midi_tables.tex
[44] [45] [46] [47] [48]) [49]
(C:\Users\brendan.clarke\proj\LXR\manual\build/chapters/08_firmware_update.tex)
[50]
(C:\Users\brendan.clarke\proj\LXR\manual\build/chapters/09_drum_synthesis_intro
.tex [51] [52] [53]) [54]
(C:\Users\brendan.clarke\proj\LXR\manual\build/chapters/10_specifications.tex)
[55] (C:\Users\brendan.clarke\proj\LXR\manual\build/chapters/99_appendix.tex
Overfull \hbox (4.66226pt too wide) in paragraph at lines 23--30
[]\T1/lmr/bx/n/10.95 (-20) Crash sam-ple \T1/lmr/m/n/10.95 (-20) --- based on a
n edited ver-sion of \T1/fvm/m/n/10.95 crashBv2.wav \T1/lmr/m/n/10.95 (-20) by 
Ma-tias Rec-cius (freesound.org),
 []

) [56] (C:\Users\brendan.clarke\proj\LXR\manual\build/main.aux)
 ***********
LaTeX2e <2026-06-01>
L3 programming layer <2026-06-18>
 ***********


LaTeX Warning: There were multiply-defined labels.

Package rerunfilecheck Info: File `main.out' has not changed.
(rerunfilecheck)             Checksum: 1B666EE9E3E8975B413631124ACD3FA6;23967.
 ) 
Here is how much of TeX's memory you used:
 17157 strings out of 467168
 288910 string characters out of 5413705
 839633 words of memory out of 5000000
 45596 multiletter control sequences out of 15000+600000
 703025 words of font info for 188 fonts, out of 8000000 for 9000
 1141 hyphenation exceptions out of 8191
 80i,13n,82p,1245b,641s stack positions out of 10000i,1000n,20000p,200000b,200000s
<c:/texlive/2026/texmf-dist/fonts/type1/public/bera/fvmb8a.pfb><c:/texlive/20
26/texmf-dist/fonts/type1/public/bera/fvmr8a.pfb><c:/texlive/2026/texmf-dist/fo
nts/type1/public/lm/lmbx10.pfb><c:/texlive/2026/texmf-dist/fonts/type1/public/l
m/lmbx12.pfb><c:/texlive/2026/texmf-dist/fonts/type1/public/lm/lmr10.pfb><c:/te
xlive/2026/texmf-dist/fonts/type1/public/lm/lmr12.pfb><c:/texlive/2026/texmf-di
st/fonts/type1/public/lm/lmr7.pfb><c:/texlive/2026/texmf-dist/fonts/type1/publi
c/lm/lmr8.pfb><c:/texlive/2026/texmf-dist/fonts/type1/public/lm/lmri10.pfb><c:/
texlive/2026/texmf-dist/fonts/type1/public/lm/lmsy10.pfb>
Output written on C:\Users\brendan.clarke\proj\LXR\manual\build/main.pdf (57 pa
ges, 814291 bytes).
PDF statistics:
 1360 PDF objects out of 1440 (max. 8388607)
 1245 compressed objects within 13 object streams
 327 named destinations out of 1000 (max. 500000)
 44450 words of extra memory for PDF output out of 51595 (max. 10000000)

