\BOOKMARK [1][-]{section.1}{\376\377\000O\000v\000e\000r\000v\000i\000e\000w}{}% 1
\BOOKMARK [2][-]{subsection.1.1}{\376\377\000T\000h\000e\000\040\000F\000r\000o\000n\000t}{section.1}% 2
\BOOKMARK [3][-]{subsubsection.1.1.1}{\376\377\0001\000\051\000\040\000D\000i\000s\000p\000l\000a\000y}{subsection.1.1}% 3
\BOOKMARK [3][-]{subsubsection.1.1.2}{\376\377\0002\000\051\000\040\000K\000n\000o\000b\000s}{subsection.1.1}% 4
\BOOKMARK [3][-]{subsubsection.1.1.3}{\376\377\0003\000\051\000\040\000R\000e\000c\000o\000r\000d\000/\000P\000l\000a\000y\000\040\000B\000u\000t\000t\000o\000n\000s}{subsection.1.1}% 5
\BOOKMARK [3][-]{subsubsection.1.1.4}{\376\377\0004\000\051\000\040\000S\000h\000i\000f\000t\000\040\000B\000u\000t\000t\000o\000n}{subsection.1.1}% 6
\BOOKMARK [3][-]{subsubsection.1.1.5}{\376\377\0004\000\051\000\040\000C\000o\000p\000y\000/\000C\000l\000e\000a\000r\000\040\000B\000u\000t\000t\000o\000n}{subsection.1.1}% 7
\BOOKMARK [3][-]{subsubsection.1.1.6}{\376\377\0005\000\051\000\040\0001\0006\000\040\000S\000e\000q\000u\000e\000n\000c\000e\000r\000\040\000B\000u\000t\000t\000o\000n\000s}{subsection.1.1}% 8
\BOOKMARK [3][-]{subsubsection.1.1.7}{\376\377\0006\000\051\000\040\000E\000n\000c\000o\000d\000e\000r}{subsection.1.1}% 9
\BOOKMARK [3][-]{subsubsection.1.1.8}{\376\377\0007\000\051\000\040\0008\000\040\000S\000e\000l\000e\000c\000t\000\040\000B\000u\000t\000t\000o\000n\000s}{subsection.1.1}% 10
\BOOKMARK [3][-]{subsubsection.1.1.9}{\376\377\0008\000\051\000\040\0004\000\040\000M\000o\000d\000e\000\040\000B\000u\000t\000t\000o\000n\000s}{subsection.1.1}% 11
\BOOKMARK [3][-]{subsubsection.1.1.10}{\376\377\0009\000\051\000\040\0007\000\040\000V\000o\000i\000c\000e\000\040\000B\000u\000t\000t\000o\000n\000s}{subsection.1.1}% 12
\BOOKMARK [2][-]{subsection.1.2}{\376\377\000T\000h\000e\000\040\000B\000a\000c\000k}{section.1}% 13
\BOOKMARK [3][-]{subsubsection.1.2.1}{\376\377\000U\000S\000B}{subsection.1.2}% 14
\BOOKMARK [3][-]{subsubsection.1.2.2}{\376\377\000M\000e\000m\000o\000r\000y}{subsection.1.2}% 15
\BOOKMARK [3][-]{subsubsection.1.2.3}{\376\377\0004\000\040\000A\000u\000d\000i\000o\000\040\000O\000u\000t\000p\000u\000t\000s}{subsection.1.2}% 16
\BOOKMARK [3][-]{subsubsection.1.2.4}{\376\377\000M\000I\000D\000I}{subsection.1.2}% 17
\BOOKMARK [3][-]{subsubsection.1.2.5}{\376\377\000P\000o\000w\000e\000r\000\040\000C\000o\000n\000n\000e\000c\000t\000o\000r}{subsection.1.2}% 18
\BOOKMARK [2][-]{subsection.1.3}{\376\377\000M\000e\000n\000u\000\040\000N\000a\000v\000i\000g\000a\000t\000i\000o\000n}{section.1}% 19
\BOOKMARK [1][-]{section.2}{\376\377\000Q\000u\000i\000c\000k\000s\000t\000a\000r\000t}{}% 20
\BOOKMARK [1][-]{section.3}{\376\377\000V\000o\000i\000c\000e\000s}{}% 21
\BOOKMARK [2][-]{subsection.3.1}{\376\377\000D\000r\000u\000m\000\040\000V\000o\000i\000c\000e\000s\000\040\000\050\000v\000o\000i\000c\000e\000s\000\040\0001\040\023\0003\000\051}{section.3}% 22
\BOOKMARK [2][-]{subsection.3.2}{\376\377\000S\000n\000a\000r\000e\000\040\000V\000o\000i\000c\000e\000\040\000\050\000v\000o\000i\000c\000e\000\040\0004\000\051}{section.3}% 23
\BOOKMARK [2][-]{subsection.3.3}{\376\377\000C\000y\000m\000b\000a\000l\000/\000C\000l\000a\000p\000\040\000V\000o\000i\000c\000e\000\040\000\050\000v\000o\000i\000c\000e\000\040\0005\000\051}{section.3}% 24
\BOOKMARK [2][-]{subsection.3.4}{\376\377\000H\000i\000h\000a\000t\000\040\000V\000o\000i\000c\000e\000\040\000\050\000v\000o\000i\000c\000e\000\040\0006\000\051}{section.3}% 25
\BOOKMARK [2][-]{subsection.3.5}{\376\377\000V\000o\000i\000c\000e\000\040\000P\000a\000r\000a\000m\000e\000t\000e\000r\000\040\000M\000e\000n\000u\000\040\000S\000e\000c\000t\000i\000o\000n\000s}{section.3}% 26
\BOOKMARK [3][-]{subsubsection.3.5.1}{\376\377\000O\000s\000c\000i\000l\000l\000a\000t\000o\000r\000\040\000P\000a\000g\000e\000\040\000\050\000O\000S\000C\000\051}{subsection.3.5}% 27
\BOOKMARK [3][-]{subsubsection.3.5.2}{\376\377\000A\000m\000p\000l\000i\000t\000u\000d\000e\000\040\000E\000n\000v\000e\000l\000o\000p\000e\000\040\000P\000a\000g\000e\000\040\000\050\000A\000E\000G\000\051}{subsection.3.5}% 28
\BOOKMARK [3][-]{subsubsection.3.5.3}{\376\377\000M\000o\000d\000u\000l\000a\000t\000i\000o\000n\000\040\000P\000a\000g\000e\000\040\000\050\000M\000O\000D\000\051}{subsection.3.5}% 29
\BOOKMARK [3][-]{subsubsection.3.5.4}{\376\377\000F\000r\000e\000q\000u\000e\000n\000c\000y\000\040\000M\000o\000d\000u\000l\000a\000t\000i\000o\000n\000\040\000P\000a\000g\000e\000\040\000\050\000F\000M\000\051}{subsection.3.5}% 30
\BOOKMARK [3][-]{subsubsection.3.5.5}{\376\377\000T\000r\000a\000n\000s\000i\000e\000n\000t\000\040\000G\000e\000n\000e\000r\000a\000t\000o\000r\000\040\000P\000a\000g\000e\000\040\000\050\000C\000l\000i\000c\000k\000\051}{subsection.3.5}% 31
\BOOKMARK [3][-]{subsubsection.3.5.6}{\376\377\000F\000i\000l\000t\000e\000r\000\040\000P\000a\000g\000e\000\040\000\050\000F\000I\000L\000\051}{subsection.3.5}% 32
\BOOKMARK [3][-]{subsubsection.3.5.7}{\376\377\000L\000F\000O\000\040\000P\000a\000g\000e\000\040\000\050\000L\000F\000O\000\051}{subsection.3.5}% 33
\BOOKMARK [3][-]{subsubsection.3.5.8}{\376\377\000M\000i\000x\000e\000r\000\040\000P\000a\000g\000e\000\040\000\050\000M\000i\000x\000\051}{subsection.3.5}% 34
\BOOKMARK [1][-]{section.4}{\376\377\000S\000e\000q\000u\000e\000n\000c\000e\000r}{}% 35
\BOOKMARK [2][-]{subsection.4.1}{\376\377\000T\000r\000a\000c\000k\000s}{section.4}% 36
\BOOKMARK [3][-]{subsubsection.4.1.1}{\376\377\000S\000e\000l\000e\000c\000t\000\040\000T\000r\000a\000c\000k\000s}{subsection.4.1}% 37
\BOOKMARK [3][-]{subsubsection.4.1.2}{\376\377\000M\000u\000t\000e\000\040\000T\000r\000a\000c\000k\000s}{subsection.4.1}% 38
\BOOKMARK [3][-]{subsubsection.4.1.3}{\376\377\000U\000n\000m\000u\000t\000e\000\040\000A\000l\000l\000\040\000T\000r\000a\000c\000k\000s}{subsection.4.1}% 39
\BOOKMARK [2][-]{subsection.4.2}{\376\377\000S\000t\000e\000p\000s}{section.4}% 40
\BOOKMARK [3][-]{subsubsection.4.2.1}{\376\377\000S\000u\000b\000\040\000S\000t\000e\000p\000s}{subsection.4.2}% 41
\BOOKMARK [3][-]{subsubsection.4.2.2}{\376\377\000S\000t\000e\000p\000\040\000S\000c\000a\000l\000e\000\040\000a\000n\000d\000\040\000S\000t\000e\000p\000\040\000L\000e\000n\000g\000t\000h}{subsection.4.2}% 42
\BOOKMARK [2][-]{subsection.4.3}{\376\377\000P\000a\000t\000t\000e\000r\000n}{section.4}% 43
\BOOKMARK [2][-]{subsection.4.4}{\376\377\000P\000a\000t\000t\000e\000r\000n\000\040\000S\000e\000t}{section.4}% 44
\BOOKMARK [2][-]{subsection.4.5}{\376\377\000B\000a\000s\000i\000c\000\040\000P\000a\000t\000t\000e\000r\000n\000\040\000E\000d\000i\000t\000i\000n\000g}{section.4}% 45
\BOOKMARK [2][-]{subsection.4.6}{\376\377\000S\000t\000e\000p\000\040\000P\000a\000r\000a\000m\000e\000t\000e\000r\000s}{section.4}% 46
\BOOKMARK [3][-]{subsubsection.4.6.1}{\376\377\000A\000v\000a\000i\000l\000a\000b\000l\000e\000\040\000S\000t\000e\000p\000\040\000P\000a\000r\000a\000m\000e\000t\000e\000r\000s}{subsection.4.6}% 47
\BOOKMARK [3][-]{subsubsection.4.6.2}{\376\377\000S\000t\000e\000p\000\040\000P\000r\000o\000b\000a\000b\000i\000l\000i\000t\000y}{subsection.4.6}% 48
\BOOKMARK [2][-]{subsection.4.7}{\376\377\000A\000u\000t\000o\000m\000a\000t\000i\000o\000n}{section.4}% 49
\BOOKMARK [3][-]{subsubsection.4.7.1}{\376\377\000C\000h\000o\000o\000s\000i\000n\000g\000\040\000t\000h\000e\000\040\000A\000c\000t\000i\000v\000e\000\040\000A\000u\000t\000o\000m\000a\000t\000i\000o\000n\000\040\000T\000r\000a\000c\000k}{subsection.4.7}% 50
\BOOKMARK [3][-]{subsubsection.4.7.2}{\376\377\000H\000o\000w\000\040\000t\000o\000\040\000A\000s\000s\000i\000g\000n\000\040\000P\000a\000r\000a\000m\000e\000t\000e\000r\000\040\000A\000u\000t\000o\000m\000a\000t\000i\000o\000n\000s}{subsection.4.7}% 51
\BOOKMARK [3][-]{subsubsection.4.7.3}{\376\377\000C\000l\000e\000a\000r\000\040\000A\000u\000t\000o\000m\000a\000t\000i\000o\000n\000\040\000D\000a\000t\000a}{subsection.4.7}% 52
\BOOKMARK [2][-]{subsection.4.8}{\376\377\000R\000e\000c\000o\000r\000d\000i\000n\000g\000\040\000O\000p\000t\000i\000o\000n\000s\000\040\000M\000e\000n\000u}{section.4}% 53
\BOOKMARK [3][-]{subsubsection.4.8.1}{\376\377\000A\000u\000t\000o\000m\000a\000t\000i\000o\000n\000\040\000T\000r\000a\000c\000k}{subsection.4.8}% 54
\BOOKMARK [3][-]{subsubsection.4.8.2}{\376\377\000Q\000u\000a\000n\000t\000i\000s\000a\000t\000i\000o\000n}{subsection.4.8}% 55
\BOOKMARK [2][-]{subsection.4.9}{\376\377\000C\000o\000p\000y\000\040\000S\000e\000q\000u\000e\000n\000c\000e\000r\000\040\000D\000a\000t\000a}{section.4}% 56
\BOOKMARK [2][-]{subsection.4.10}{\376\377\000C\000l\000e\000a\000r\000\040\000S\000e\000q\000u\000e\000n\000c\000e\000r\000\040\000D\000a\000t\000a}{section.4}% 57
\BOOKMARK [1][-]{section.5}{\376\377\000O\000p\000e\000r\000a\000t\000i\000o\000n\000\040\000M\000o\000d\000e\000s}{}% 58
\BOOKMARK [2][-]{subsection.5.1}{\376\377\000V\000o\000i\000c\000e\000\040\000E\000d\000i\000t\000\040\000M\000o\000d\000e}{section.5}% 59
\BOOKMARK [3][-]{subsubsection.5.1.1}{\376\377\000P\000a\000t\000t\000e\000r\000n\000\040\000E\000d\000i\000t\000i\000n\000g}{subsection.5.1}% 60
\BOOKMARK [3][-]{subsubsection.5.1.2}{\376\377\000S\000t\000e\000p\000\040\000P\000a\000r\000a\000m\000e\000t\000e\000r\000\040\000E\000d\000i\000t\000i\000n\000g}{subsection.5.1}% 61
\BOOKMARK [3][-]{subsubsection.5.1.3}{\376\377\000S\000u\000b\000\040\000S\000t\000e\000p\000\040\000E\000d\000i\000t\000i\000n\000g}{subsection.5.1}% 62
\BOOKMARK [3][-]{subsubsection.5.1.4}{\376\377\000S\000o\000u\000n\000d\000\040\000E\000d\000i\000t\000i\000n\000g}{subsection.5.1}% 63
\BOOKMARK [2][-]{subsection.5.2}{\376\377\000P\000e\000r\000f\000o\000r\000m\000a\000n\000c\000e\000\040\000M\000o\000d\000e}{section.5}% 64
\BOOKMARK [3][-]{subsubsection.5.2.1}{\376\377\000L\000o\000o\000p\000e\000r}{subsection.5.2}% 65
\BOOKMARK [3][-]{subsubsection.5.2.2}{\376\377\000B\000a\000s\000i\000c\000\040\000P\000e\000r\000f\000o\000r\000m\000a\000n\000c\000e\000\040\000M\000e\000n\000u}{subsection.5.2}% 66
\BOOKMARK [3][-]{subsubsection.5.2.3}{\376\377\000M\000a\000n\000u\000a\000l\000\040\000R\000o\000l\000l}{subsection.5.2}% 67
\BOOKMARK [3][-]{subsubsection.5.2.4}{\376\377\000M\000o\000r\000p\000h}{subsection.5.2}% 68
\BOOKMARK [3][-]{subsubsection.5.2.5}{\376\377\000S\000h\000u\000f\000f\000l\000e}{subsection.5.2}% 69
\BOOKMARK [3][-]{subsubsection.5.2.6}{\376\377\000C\000h\000a\000n\000g\000e\000\040\000P\000a\000t\000t\000e\000r\000n}{subsection.5.2}% 70
\BOOKMARK [3][-]{subsubsection.5.2.7}{\376\377\000C\000h\000a\000i\000n\000\040\000P\000a\000t\000t\000e\000r\000n\000s}{subsection.5.2}% 71
\BOOKMARK [3][-]{subsubsection.5.2.8}{\376\377\000F\000o\000l\000l\000o\000w\000\040\000M\000o\000d\000e\000\040\000a\000n\000d\000\040\000V\000i\000e\000w\000e\000d\000\040\000P\000a\000t\000t\000e\000r\000n}{subsection.5.2}% 72
\BOOKMARK [2][-]{subsection.5.3}{\376\377\000S\000t\000e\000p\000\040\000\050\000E\000d\000i\000t\000\051\000\040\000M\000o\000d\000e}{section.5}% 73
\BOOKMARK [3][-]{subsubsection.5.3.1}{\376\377\000S\000e\000t\000t\000i\000n\000g\000\040\000a\000n\000d\000\040\000R\000e\000m\000o\000v\000i\000n\000g\000\040\000S\000t\000e\000p\000s}{subsection.5.3}% 74
\BOOKMARK [2][-]{subsection.5.4}{\376\377\000L\000o\000a\000d\000\040\000a\000n\000d\000\040\000S\000a\000v\000e\000\040\000M\000o\000d\000e}{section.5}% 75
\BOOKMARK [3][-]{subsubsection.5.4.1}{\376\377\000D\000i\000s\000p\000l\000a\000y\000\040\000D\000e\000s\000c\000r\000i\000p\000t\000i\000o\000n}{subsection.5.4}% 76
\BOOKMARK [3][-]{subsubsection.5.4.2}{\376\377\000M\000e\000n\000u\000\040\000N\000a\000v\000i\000g\000a\000t\000i\000o\000n}{subsection.5.4}% 77
\BOOKMARK [3][-]{subsubsection.5.4.3}{\376\377\000S\000o\000u\000n\000d\000\040\000P\000r\000e\000s\000e\000t\000s}{subsection.5.4}% 78
\BOOKMARK [3][-]{subsubsection.5.4.4}{\376\377\000M\000o\000r\000p\000h\000\040\000P\000r\000e\000s\000e\000t\000s}{subsection.5.4}% 79
\BOOKMARK [3][-]{subsubsection.5.4.5}{\376\377\000P\000a\000t\000t\000e\000r\000n\000\040\000S\000e\000t\000s}{subsection.5.4}% 80
\BOOKMARK [3][-]{subsubsection.5.4.6}{\376\377\000P\000e\000r\000f\000o\000r\000m\000a\000n\000c\000e\000\040\000F\000i\000l\000e\000s}{subsection.5.4}% 81
\BOOKMARK [3][-]{subsubsection.5.4.7}{\376\377\000A\000l\000l\000\040\000F\000i\000l\000e\000s}{subsection.5.4}% 82
\BOOKMARK [3][-]{subsubsection.5.4.8}{\376\377\000B\000a\000c\000k\000g\000r\000o\000u\000n\000d\000\040\000f\000i\000l\000e\000\040\000l\000o\000a\000d\000i\000n\000g}{subsection.5.4}% 83
\BOOKMARK [3][-]{subsubsection.5.4.9}{\376\377\000S\000a\000m\000p\000l\000e\000s}{subsection.5.4}% 84
\BOOKMARK [3][-]{subsubsection.5.4.10}{\376\377\000S\000e\000t\000t\000i\000n\000g\000s}{subsection.5.4}% 85
\BOOKMARK [2][-]{subsection.5.5}{\376\377\000P\000a\000t\000t\000e\000r\000n\000\040\000G\000e\000n\000e\000r\000a\000t\000o\000r\000\040\000M\000o\000d\000e}{section.5}% 86
\BOOKMARK [3][-]{subsubsection.5.5.1}{\376\377\000A\000c\000c\000e\000s\000s\000i\000n\000g\000\040\000t\000h\000e\000\040\000P\000a\000t\000t\000e\000r\000n\000\040\000G\000e\000n\000e\000r\000a\000t\000o\000r}{subsection.5.5}% 87
\BOOKMARK [3][-]{subsubsection.5.5.2}{\376\377\000P\000a\000t\000t\000e\000r\000n\000\040\000G\000e\000n\000e\000r\000a\000t\000o\000r\000\040\000M\000e\000n\000u}{subsection.5.5}% 88
\BOOKMARK [3][-]{subsubsection.5.5.3}{\376\377\000G\000e\000n\000e\000r\000a\000t\000i\000n\000g\000\040\000P\000a\000t\000t\000e\000r\000n\000s}{subsection.5.5}% 89
\BOOKMARK [3][-]{subsubsection.5.5.4}{\376\377\000R\000e\000s\000e\000t\000t\000i\000n\000g\000\040\000a\000\040\000G\000e\000n\000e\000r\000a\000t\000e\000d\000\040\000P\000a\000t\000t\000e\000r\000n}{subsection.5.5}% 90
\BOOKMARK [2][-]{subsection.5.6}{\376\377\000G\000l\000o\000b\000a\000l\000\040\000S\000e\000t\000t\000i\000n\000g\000s\000\040\000M\000e\000n\000u}{section.5}% 91
\BOOKMARK [3][-]{subsubsection.5.6.1}{\376\377\000A\000c\000c\000e\000s\000s\000i\000n\000g\000\040\000t\000h\000e\000\040\000S\000e\000t\000t\000i\000n\000g\000s\000\040\000M\000e\000n\000u}{subsection.5.6}% 92
\BOOKMARK [3][-]{subsubsection.5.6.2}{\376\377\000M\000e\000n\000u\000\040\000O\000p\000t\000i\000o\000n\000s}{subsection.5.6}% 93
\BOOKMARK [3][-]{subsubsection.5.6.3}{\376\377\000F\000o\000l\000l\000o\000w\000\040\000M\000o\000d\000e}{subsection.5.6}% 94
\BOOKMARK [3][-]{subsubsection.5.6.4}{\376\377\000S\000c\000r\000e\000e\000n\000s\000a\000v\000e\000r}{subsection.5.6}% 95
\BOOKMARK [3][-]{subsubsection.5.6.5}{\376\377\000L\000o\000a\000d\000i\000n\000g\000\040\000a\000n\000d\000\040\000S\000a\000v\000i\000n\000g\000\040\000G\000l\000o\000b\000a\000l\000\040\000S\000e\000t\000t\000i\000n\000g\000s}{subsection.5.6}% 96
\BOOKMARK [1][-]{section.6}{\376\377\000S\000y\000n\000t\000h\000\040\000M\000o\000d\000u\000l\000e\000s}{}% 97
\BOOKMARK [2][-]{subsection.6.1}{\376\377\000O\000s\000c\000i\000l\000l\000a\000t\000o\000r}{section.6}% 98
\BOOKMARK [2][-]{subsection.6.2}{\376\377\000F\000i\000l\000t\000e\000r}{section.6}% 99
\BOOKMARK [3][-]{subsubsection.6.2.1}{\376\377\000F\000r\000e\000q\000u\000e\000n\000c\000y}{subsection.6.2}% 100
\BOOKMARK [3][-]{subsubsection.6.2.2}{\376\377\000R\000e\000s\000o\000n\000a\000n\000c\000e}{subsection.6.2}% 101
\BOOKMARK [3][-]{subsubsection.6.2.3}{\376\377\000D\000r\000i\000v\000e}{subsection.6.2}% 102
\BOOKMARK [3][-]{subsubsection.6.2.4}{\376\377\000F\000i\000l\000t\000e\000r\000\040\000T\000y\000p\000e\000s}{subsection.6.2}% 103
\BOOKMARK [2][-]{subsection.6.3}{\376\377\000E\000n\000v\000e\000l\000o\000p\000e\000s}{section.6}% 104
\BOOKMARK [3][-]{subsubsection.6.3.1}{\376\377\000A\000t\000t\000a\000c\000k\000\040\000/\000\040\000D\000e\000c\000a\000y\000\040\000T\000i\000m\000e\000s}{subsection.6.3}% 105
\BOOKMARK [3][-]{subsubsection.6.3.2}{\376\377\000S\000l\000o\000p\000e}{subsection.6.3}% 106
\BOOKMARK [3][-]{subsubsection.6.3.3}{\376\377\000R\000e\000p\000e\000a\000t}{subsection.6.3}% 107
\BOOKMARK [2][-]{subsection.6.4}{\376\377\000T\000r\000a\000n\000s\000i\000e\000n\000t\000\040\000G\000e\000n\000e\000r\000a\000t\000o\000r}{section.6}% 108
\BOOKMARK [3][-]{subsubsection.6.4.1}{\376\377\000S\000n\000a\000p\000p\000y\000\040\000M\000o\000d\000e\000\040\000\050\000S\000n\000p\000\051}{subsection.6.4}% 109
\BOOKMARK [3][-]{subsubsection.6.4.2}{\376\377\000O\000f\000f\000s\000e\000t\000\040\000M\000o\000d\000e\000\040\000\050\000O\000f\000f\000\051}{subsection.6.4}% 110
\BOOKMARK [3][-]{subsubsection.6.4.3}{\376\377\000S\000a\000m\000p\000l\000e\000\040\000M\000o\000d\000e}{subsection.6.4}% 111
\BOOKMARK [2][-]{subsection.6.5}{\376\377\000S\000a\000m\000p\000l\000e\000\040\000R\000a\000t\000e\000\040\000R\000e\000d\000u\000c\000t\000i\000o\000n}{section.6}% 112
\BOOKMARK [2][-]{subsection.6.6}{\376\377\000D\000i\000s\000t\000o\000r\000t\000i\000o\000n}{section.6}% 113
\BOOKMARK [2][-]{subsection.6.7}{\376\377\000L\000F\000O}{section.6}% 114
\BOOKMARK [3][-]{subsubsection.6.7.1}{\376\377\000S\000e\000t\000t\000i\000n\000g\000\040\000U\000p\000\040\000M\000o\000d\000u\000l\000a\000t\000i\000o\000n\000s}{subsection.6.7}% 115
\BOOKMARK [2][-]{subsection.6.8}{\376\377\000V\000e\000l\000o\000c\000i\000t\000y\000\040\000M\000o\000d\000u\000l\000a\000t\000i\000o\000n}{section.6}% 116
\BOOKMARK [2][-]{subsection.6.9}{\376\377\000O\000u\000t\000p\000u\000t\000\040\000R\000o\000u\000t\000i\000n\000g}{section.6}% 117
\BOOKMARK [1][-]{section.7}{\376\377\000M\000I\000D\000I}{}% 118
\BOOKMARK [2][-]{subsection.7.1}{\376\377\000M\000I\000D\000I\000\040\000C\000h\000a\000n\000n\000e\000l}{section.7}% 119
\BOOKMARK [2][-]{subsection.7.2}{\376\377\000M\000I\000D\000I\000\040\000S\000y\000n\000c}{section.7}% 120
\BOOKMARK [2][-]{subsection.7.3}{\376\377\000R\000e\000c\000o\000r\000d\000\040\000I\000n\000c\000o\000m\000i\000n\000g\000\040\000M\000I\000D\000I}{section.7}% 121
\BOOKMARK [2][-]{subsection.7.4}{\376\377\000T\000r\000a\000n\000s\000m\000i\000t\000t\000i\000n\000g\000\040\000S\000e\000q\000u\000e\000n\000c\000e\000r\000\040\000D\000a\000t\000a\000\040\000t\000o\000\040\000t\000h\000e\000\040\000M\000I\000D\000I\000\040\000O\000u\000t\000p\000u\000t}{section.7}% 122
\BOOKMARK [2][-]{subsection.7.5}{\376\377\000P\000r\000o\000g\000r\000a\000m\000\040\000/\000\040\000B\000a\000n\000k\000\040\000C\000h\000a\000n\000g\000e\000s}{section.7}% 123
\BOOKMARK [2][-]{subsection.7.6}{\376\377\000M\000I\000D\000I\000\040\000C\000C\000\040\000L\000i\000s\000t}{section.7}% 124
\BOOKMARK [3][-]{subsubsection.7.6.1}{\376\377\000C\000h\000a\000n\000n\000e\000l\000\040\000M\000I\000D\000I\000\040\000C\000C\000\040\000T\000a\000b\000l\000e}{subsection.7.6}% 125
\BOOKMARK [3][-]{subsubsection.7.6.2}{\376\377\000G\000l\000o\000b\000a\000l\000\040\000M\000I\000D\000I\000\040\000C\000C\000\040\000T\000a\000b\000l\000e}{subsection.7.6}% 126
\BOOKMARK [1][-]{section.8}{\376\377\000F\000i\000r\000m\000w\000a\000r\000e\000\040\000U\000p\000d\000a\000t\000e}{}% 127
\BOOKMARK [2][-]{subsection.8.1}{\376\377\000U\000p\000d\000a\000t\000e\000\040\000P\000r\000o\000c\000e\000d\000u\000r\000e}{section.8}% 128
\BOOKMARK [2][-]{subsection.8.2}{\376\377\000B\000o\000o\000t\000l\000o\000a\000d\000e\000r\000\040\000E\000r\000r\000o\000r\000\040\000C\000o\000d\000e\000s}{section.8}% 129
\BOOKMARK [1][-]{section.9}{\376\377\000I\000n\000t\000r\000o\000d\000u\000c\000t\000i\000o\000n\000\040\000t\000o\000\040\000D\000r\000u\000m\000\040\000S\000y\000n\000t\000h\000e\000s\000i\000s}{}% 130
\BOOKMARK [2][-]{subsection.9.1}{\376\377\000K\000i\000c\000k\000s}{section.9}% 131
\BOOKMARK [3][-]{subsubsection.9.1.1}{\376\377\000O\000s\000c\000i\000l\000l\000a\000t\000o\000r}{subsection.9.1}% 132
\BOOKMARK [3][-]{subsubsection.9.1.2}{\376\377\000A\000m\000p\000l\000i\000t\000u\000d\000e\000\040\000E\000n\000v\000e\000l\000o\000p\000e}{subsection.9.1}% 133
\BOOKMARK [3][-]{subsubsection.9.1.3}{\376\377\000P\000i\000t\000c\000h\000\040\000E\000n\000v\000e\000l\000o\000p\000e}{subsection.9.1}% 134
\BOOKMARK [3][-]{subsubsection.9.1.4}{\376\377\000C\000l\000i\000c\000k}{subsection.9.1}% 135
\BOOKMARK [3][-]{subsubsection.9.1.5}{\376\377\000T\000i\000p\000s\000\040\000a\000n\000d\000\040\000T\000r\000i\000c\000k\000s}{subsection.9.1}% 136
\BOOKMARK [2][-]{subsection.9.2}{\376\377\000S\000n\000a\000r\000e}{section.9}% 137
\BOOKMARK [3][-]{subsubsection.9.2.1}{\376\377\000T\000o\000n\000a\000l\000\040\000P\000a\000r\000t}{subsection.9.2}% 138
\BOOKMARK [3][-]{subsubsection.9.2.2}{\376\377\000N\000o\000i\000s\000e\000\040\000P\000a\000r\000t}{subsection.9.2}% 139
\BOOKMARK [3][-]{subsubsection.9.2.3}{\376\377\000A\000m\000p\000l\000i\000t\000u\000d\000e\000\040\000E\000n\000v\000e\000l\000o\000p\000e}{subsection.9.2}% 140
\BOOKMARK [3][-]{subsubsection.9.2.4}{\376\377\000T\000i\000p\000s\000\040\000a\000n\000d\000\040\000T\000r\000i\000c\000k\000s}{subsection.9.2}% 141
\BOOKMARK [2][-]{subsection.9.3}{\376\377\000C\000l\000a\000p}{section.9}% 142
\BOOKMARK [3][-]{subsubsection.9.3.1}{\376\377\000A\000m\000p\000l\000i\000t\000u\000d\000e\000\040\000E\000n\000v\000e\000l\000o\000p\000e}{subsection.9.3}% 143
\BOOKMARK [3][-]{subsubsection.9.3.2}{\376\377\000O\000s\000c\000i\000l\000l\000a\000t\000o\000r}{subsection.9.3}% 144
\BOOKMARK [3][-]{subsubsection.9.3.3}{\376\377\000F\000i\000l\000t\000e\000r}{subsection.9.3}% 145
\BOOKMARK [2][-]{subsection.9.4}{\376\377\000H\000i\000h\000a\000t}{section.9}% 146
\BOOKMARK [3][-]{subsubsection.9.4.1}{\376\377\000O\000s\000c\000i\000l\000l\000a\000t\000o\000r}{subsection.9.4}% 147
\BOOKMARK [3][-]{subsubsection.9.4.2}{\376\377\000A\000m\000p\000l\000i\000t\000u\000d\000e\000\040\000E\000n\000v\000e\000l\000o\000p\000e}{subsection.9.4}% 148
\BOOKMARK [3][-]{subsubsection.9.4.3}{\376\377\000F\000i\000l\000t\000e\000r}{subsection.9.4}% 149
\BOOKMARK [2][-]{subsection.9.5}{\376\377\000C\000y\000m\000b\000a\000l\000\040\000R\000i\000d\000e}{section.9}% 150
\BOOKMARK [3][-]{subsubsection.9.5.1}{\376\377\000O\000s\000c\000i\000l\000l\000a\000t\000o\000r}{subsection.9.5}% 151
\BOOKMARK [3][-]{subsubsection.9.5.2}{\376\377\000A\000m\000p\000l\000i\000t\000u\000d\000e\000\040\000E\000n\000v\000e\000l\000o\000p\000e}{subsection.9.5}% 152
\BOOKMARK [3][-]{subsubsection.9.5.3}{\376\377\000F\000i\000l\000t\000e\000r}{subsection.9.5}% 153
\BOOKMARK [3][-]{subsubsection.9.5.4}{\376\377\000L\000F\000O}{subsection.9.5}% 154
\BOOKMARK [2][-]{subsection.9.6}{\376\377\000B\000e\000l\000l\000s}{section.9}% 155
\BOOKMARK [3][-]{subsubsection.9.6.1}{\376\377\000R\000e\000a\000l\000i\000s\000t\000i\000c\000\040\000B\000e\000l\000l\000s}{subsection.9.6}% 156
\BOOKMARK [3][-]{subsubsection.9.6.2}{\376\377\0008\0000\0008\000-\000S\000t\000y\000l\000e\000\040\000C\000o\000w\000b\000e\000l\000l}{subsection.9.6}% 157
\BOOKMARK [2][-]{subsection.9.7}{\376\377\000M\000o\000r\000e\000\040\000I\000n\000f\000o\000r\000m\000a\000t\000i\000o\000n\000\040\000A\000b\000o\000u\000t\000\040\000D\000r\000u\000m\000\040\000S\000o\000u\000n\000d\000\040\000D\000e\000s\000i\000g\000n}{section.9}% 158
\BOOKMARK [1][-]{section.10}{\376\377\000S\000p\000e\000c\000i\000f\000i\000c\000a\000t\000i\000o\000n\000s}{}% 159
\BOOKMARK [2][-]{subsection.10.1}{\376\377\000O\000v\000e\000r\000v\000i\000e\000w}{section.10}% 160
\BOOKMARK [2][-]{subsection.10.2}{\376\377\000S\000e\000q\000u\000e\000n\000c\000e\000r}{section.10}% 161
\BOOKMARK [2][-]{subsection.10.3}{\376\377\000A\000u\000d\000i\000o}{section.10}% 162
\BOOKMARK [2][-]{subsection.10.4}{\376\377\000H\000a\000r\000d\000w\000a\000r\000e}{section.10}% 163
\BOOKMARK [2][-]{subsection.10.5}{\376\377\000P\000o\000w\000e\000r}{section.10}% 164
\BOOKMARK [1][-]{section.11}{\376\377\000A\000p\000p\000e\000n\000d\000i\000x}{}% 165
\BOOKMARK [2][-]{subsection.11.1}{\376\377\000R\000e\000f\000e\000r\000e\000n\000c\000e\000s}{section.11}% 166
\BOOKMARK [2][-]{subsection.11.2}{\376\377\000S\000a\000m\000p\000l\000e\000\040\000C\000r\000e\000d\000i\000t\000s}{section.11}% 167
